TN:
SF:src/components/Form/Button/index.tsx
FN:13,Button
FNF:1
FNH:1
FNDA:4,Button
DA:18,4
LF:1
LH:1
BRF:0
BRH:0
end_of_record
TN:
SF:src/components/Form/CategorySelectButton/index.tsx
FN:14,CategorySelectButton
FNF:1
FNH:1
FNDA:2,CategorySelectButton
DA:15,2
LF:1
LH:1
BRF:0
BRH:0
end_of_record
TN:
SF:src/components/Form/Input/index.tsx
FN:10,Input
FNF:1
FNH:1
FNDA:5,Input
DA:14,5
LF:1
LH:1
BRDA:11,0,0,4
BRF:1
BRH:1
end_of_record
TN:
SF:src/components/Form/InputForm/index.tsx
FN:15,InputForm
FN:25,(anonymous_1)
FNF:2
FNH:2
FNDA:4,InputForm
FNDA:4,(anonymous_1)
DA:21,4
DA:26,4
LF:2
LH:2
BRDA:34,0,0,4
BRDA:34,0,1,0
BRF:2
BRH:1
end_of_record
TN:
SF:src/components/Form/TransactionTypeButton/index.tsx
FN:22,TransactionTypeButton
FNF:1
FNH:1
FNDA:4,TransactionTypeButton
DA:11,1
DA:29,4
LF:2
LH:2
BRF:0
BRH:0
end_of_record
TN:
SF:src/components/HighlightCard/index.tsx
FN:26,HighlightCard
FNF:1
FNH:0
FNDA:0,HighlightCard
DA:19,0
DA:31,0
LF:2
LH:0
BRF:0
BRH:0
end_of_record
TN:
SF:src/components/HistoryCard/index.tsx
FN:10,HistoryCard
FNF:1
FNH:0
FNDA:0,HistoryCard
DA:15,0
LF:1
LH:0
BRF:0
BRH:0
end_of_record
TN:
SF:src/components/SignInSocialButton/index.tsx
FN:17,SignInSocialButton
FNF:1
FNH:0
FNDA:0,SignInSocialButton
DA:23,0
LF:1
LH:0
BRF:0
BRH:0
end_of_record
TN:
SF:src/components/TransactionCard/index.tsx
FN:30,TransactionCard
FN:33,(anonymous_1)
FNF:2
FNH:0
FNDA:0,TransactionCard
FNDA:0,(anonymous_1)
DA:32,0
DA:33,0
DA:36,0
LF:3
LH:0
BRDA:40,0,0,0
BRDA:40,0,1,0
BRF:2
BRH:0
end_of_record
TN:
SF:src/hooks/auth.tsx
FN:35,AuthProvider
FN:42,signInWithGoogle
FN:68,signOut
FN:73,(anonymous_3)
FN:74,loadUserStorageDate
FN:98,useAuth
FNF:6
FNH:5
FNDA:7,AuthProvider
FNDA:3,signInWithGoogle
FNDA:0,signOut
FNDA:3,(anonymous_3)
FNDA:3,loadUserStorageDate
FNDA:9,useAuth
DA:5,2
DA:6,2
DA:33,2
DA:37,7
DA:38,7
DA:40,7
DA:43,3
DA:45,3
DA:46,3
DA:47,3
DA:49,3
DA:51,2
DA:52,1
DA:53,1
DA:56,1
DA:64,1
DA:69,0
DA:70,0
DA:73,7
DA:75,3
DA:77,3
DA:78,0
DA:79,0
DA:81,3
DA:83,3
DA:86,7
DA:99,9
DA:100,9
LF:28
LH:24
BRDA:51,0,0,1
BRDA:51,0,1,1
BRDA:77,1,0,0
BRDA:77,1,1,3
BRF:4
BRH:3
end_of_record
TN:
SF:src/routes/app.routes.tsx
FN:15,AppRoutes
FN:36,(anonymous_1)
FN:50,(anonymous_2)
FN:64,(anonymous_3)
FNF:4
FNH:0
FNDA:0,AppRoutes
FNDA:0,(anonymous_1)
FNDA:0,(anonymous_2)
FNDA:0,(anonymous_3)
DA:13,0
DA:17,0
DA:19,0
DA:37,0
DA:51,0
DA:65,0
LF:6
LH:0
BRDA:28,0,0,0
BRDA:28,0,1,0
BRF:2
BRH:0
end_of_record
TN:
SF:src/routes/auth.routes.tsx
FN:7,AuthRoutes
FNF:1
FNH:0
FNDA:0,AuthRoutes
DA:5,0
DA:8,0
LF:2
LH:0
BRF:0
BRH:0
end_of_record
TN:
SF:src/routes/index.tsx
FN:8,Routes
FNF:1
FNH:0
FNDA:0,Routes
DA:10,0
DA:12,0
LF:2
LH:0
BRDA:14,0,0,0
BRDA:14,0,1,0
BRF:2
BRH:0
end_of_record
TN:
SF:src/sreens/CategorySelect/index.tsx
FN:29,CategorySelect
FN:35,handleCategorySelect
FN:47,(anonymous_2)
FN:48,(anonymous_3)
FN:50,(anonymous_4)
FN:57,(anonymous_5)
FNF:6
FNH:4
FNDA:2,CategorySelect
FNDA:0,handleCategorySelect
FNDA:12,(anonymous_2)
FNDA:12,(anonymous_3)
FNDA:0,(anonymous_4)
FNDA:10,(anonymous_5)
DA:36,0
DA:39,2
DA:47,12
DA:49,12
DA:50,0
DA:57,10
LF:6
LH:4
BRF:0
BRH:0
end_of_record
TN:
SF:src/sreens/Dashboard/index.tsx
FN:49,Dashboard
FN:58,getLastTransactionDate
FN:60,(anonymous_2)
FN:69,(anonymous_3)
FN:75,loadTransaction
FN:86,(anonymous_5)
FN:161,(anonymous_6)
FN:167,(anonymous_7)
FN:225,(anonymous_8)
FN:226,(anonymous_9)
FNF:10
FNH:0
FNDA:0,Dashboard
FNDA:0,getLastTransactionDate
FNDA:0,(anonymous_2)
FNDA:0,(anonymous_3)
FNDA:0,loadTransaction
FNDA:0,(anonymous_5)
FNDA:0,(anonymous_6)
FNDA:0,(anonymous_7)
FNDA:0,(anonymous_8)
FNDA:0,(anonymous_9)
DA:51,0
DA:52,0
DA:53,0
DA:55,0
DA:56,0
DA:60,0
DA:62,0
DA:63,0
DA:67,0
DA:69,0
DA:71,0
DA:76,0
DA:77,0
DA:78,0
DA:80,0
DA:81,0
DA:83,0
DA:85,0
DA:88,0
DA:89,0
DA:91,0
DA:94,0
DA:100,0
DA:106,0
DA:117,0
DA:119,0
DA:120,0
DA:122,0
DA:126,0
DA:128,0
DA:157,0
DA:161,0
DA:162,0
DA:167,0
DA:168,0
DA:173,0
DA:225,0
DA:226,0
LF:38
LH:0
BRDA:62,0,0,0
BRDA:62,0,1,0
BRDA:78,1,0,0
BRDA:78,1,1,0
BRDA:88,2,0,0
BRDA:88,2,1,0
BRDA:122,3,0,0
BRDA:122,3,1,0
BRDA:134,4,0,0
BRDA:134,4,1,0
BRDA:143,5,0,0
BRDA:143,5,1,0
BRDA:177,6,0,0
BRDA:177,6,1,0
BRF:14
BRH:0
end_of_record
TN:
SF:src/sreens/Profile/index.tsx
FN:4,Profile
FN:24,(anonymous_1)
FNF:2
FNH:1
FNDA:3,Profile
FNDA:0,(anonymous_1)
DA:5,3
LF:1
LH:1
BRF:0
BRH:0
end_of_record
TN:
SF:src/sreens/Register/index.tsx
FN:62,Register
FN:88,handleTransactionTypesSelect
FN:92,handleOpenSelectCategoryModal
FN:99,handleCloseSelectCategoryModal
FN:103,handleRegister
FN:183,(anonymous_5)
FN:189,(anonymous_6)
FNF:7
FNH:2
FNDA:2,Register
FNDA:0,handleTransactionTypesSelect
FNDA:1,handleOpenSelectCategoryModal
FNDA:0,handleCloseSelectCategoryModal
FNDA:0,handleRegister
FNDA:0,(anonymous_5)
FNDA:0,(anonymous_6)
DA:50,1
DA:65,2
DA:66,2
DA:68,2
DA:70,2
DA:84,2
DA:89,0
DA:93,1
DA:100,0
DA:105,0
DA:106,0
DA:108,0
DA:109,0
DA:112,0
DA:123,0
DA:124,0
DA:125,0
DA:126,0
DA:128,0
DA:133,0
DA:135,0
DA:136,0
DA:137,0
DA:147,0
DA:148,0
DA:153,2
DA:183,0
DA:189,0
LF:28
LH:8
BRDA:105,0,0,0
BRDA:105,0,1,0
BRDA:108,1,0,0
BRDA:108,1,1,0
BRDA:126,2,0,0
BRDA:126,2,1,0
BRDA:169,3,0,2
BRDA:169,3,1,0
BRDA:176,4,0,2
BRDA:176,4,1,0
BRF:10
BRH:2
end_of_record
TN:
SF:src/sreens/Resume/index.tsx
FN:51,Resume
FN:60,handleDateChange
FN:69,loadData
FN:76,(anonymous_3)
FN:84,(anonymous_4)
FN:90,(anonymous_5)
FN:93,(anonymous_6)
FN:131,(anonymous_7)
FN:155,(anonymous_8)
FN:162,(anonymous_9)
FN:170,(anonymous_10)
FN:183,(anonymous_11)
FNF:12
FNH:0
FNDA:0,Resume
FNDA:0,handleDateChange
FNDA:0,loadData
FNDA:0,(anonymous_3)
FNDA:0,(anonymous_4)
FNDA:0,(anonymous_5)
FNDA:0,(anonymous_6)
FNDA:0,(anonymous_7)
FNDA:0,(anonymous_8)
FNDA:0,(anonymous_9)
FNDA:0,(anonymous_10)
FNDA:0,(anonymous_11)
DA:53,0
DA:54,0
DA:55,0
DA:57,0
DA:58,0
DA:61,0
DA:62,0
DA:64,0
DA:70,0
DA:71,0
DA:72,0
DA:73,0
DA:75,0
DA:77,0
DA:83,0
DA:85,0
DA:88,0
DA:90,0
DA:91,0
DA:93,0
DA:94,0
DA:95,0
DA:99,0
DA:101,0
DA:106,0
DA:108,0
DA:122,0
DA:123,0
DA:131,0
DA:132,0
DA:135,0
DA:155,0
DA:162,0
DA:170,0
DA:184,0
LF:35
LH:0
BRDA:61,0,0,0
BRDA:61,0,1,0
BRDA:73,1,0,0
BRDA:73,1,1,0
BRDA:77,2,0,0
BRDA:77,2,1,0
BRDA:77,2,2,0
BRDA:94,3,0,0
BRDA:94,3,1,0
BRDA:99,4,0,0
BRDA:99,4,1,0
BRDA:140,5,0,0
BRDA:140,5,1,0
BRF:13
BRH:0
end_of_record
TN:
SF:src/sreens/SignIn/index.tsx
FN:17,SignIn
FN:24,handleSignInWithGoogle
FNF:2
FNH:0
FNDA:0,SignIn
FNDA:0,handleSignInWithGoogle
DA:19,0
DA:20,0
DA:22,0
DA:26,0
DA:27,0
DA:28,0
DA:31,0
DA:32,0
DA:33,0
DA:38,0
LF:10
LH:0
BRDA:66,0,0,0
BRDA:66,0,1,0
BRDA:75,1,0,0
BRDA:75,1,1,0
BRF:4
BRH:0
end_of_record
